[2024.09.16 21:09:23] INFO: "GET / HTTP/1.1" 200 1497
[2024.09.16 21:09:23] WARNING: "GET /static/js/app.js HTTP/1.1" 404 1841
[2024.09.16 21:09:23] WARNING: "GET /favicon.ico HTTP/1.1" 404 3696
[2024.09.16 21:09:33] INFO: "GET / HTTP/1.1" 200 1497
[2024.09.16 21:09:33] WARNING: "GET /static/js/app.js HTTP/1.1" 404 1841
[2024.09.16 21:09:33] INFO: "GET /media/photos/images_vlvEo2h.jfif HTTP/1.1" 200 9613
[2024.09.16 21:09:34] INFO: "GET /static/css/style.css HTTP/1.1" 200 775
[2024.09.16 21:09:34] INFO: "GET /media/photos/photo-1522529599102-193c0d76b5b6.jfif HTTP/1.1" 200 706164
[2024.09.16 21:09:34] INFO: "GET /media/photos/photo-1522529599102-193c0d76b5b6_vu7uO66.jfif HTTP/1.1" 200 706164
[2024.09.16 21:09:34] INFO: "GET /media/photos/photo-1522529599102-193c0d76b5b6_hkXLF4i.jfif HTTP/1.1" 200 706164
[2024.09.16 21:09:34] WARNING: "GET /favicon.ico HTTP/1.1" 404 3696
[2024.09.16 21:28:43] INFO: "GET / HTTP/1.1" 200 1497
[2024.09.16 21:28:43] WARNING: "GET /static/js/app.js HTTP/1.1" 404 1841
[2024.09.16 21:28:43] WARNING: "GET /favicon.ico HTTP/1.1" 404 3696
[2024.09.16 21:41:04] INFO: "GET / HTTP/1.1" 200 1497
[2024.09.16 21:41:04] WARNING: "GET /static/js/app.js HTTP/1.1" 404 1841
[2024.09.16 21:41:12] ERROR: "GET /forgot_password/ HTTP/1.1" 500 102324
[2024.09.16 21:41:19] INFO: "GET /create/ HTTP/1.1" 200 3673
[2024.09.16 21:41:19] WARNING: "GET /static/js/app.js HTTP/1.1" 404 1841
[2024.09.16 21:53:37] INFO: "GET / HTTP/1.1" 200 1497
[2024.09.16 21:53:37] WARNING: "GET /static/js/app.js HTTP/1.1" 404 1841
[2024.09.16 21:53:47] WARNING: "GET /static/js/app.js HTTP/1.1" 404 1841
[2024.09.16 21:53:47] WARNING: "GET /favicon.ico HTTP/1.1" 404 3696
